Starting Nmap 7.98 ( https://nmap.org ) at 2026-03-29 19:15 +0400
Nmap scan report for devarea.htb (10.129.17.49)
Host is up (0.19s latency).

PORT     STATE SERVICE VERSION
21/tcp   open  ftp     vsftpd 3.0.5
| ftp-anon: Anonymous FTP login allowed (FTP code 230)
|_drwxr-xr-x    2 ftp      ftp          4096 Sep 22  2025 pub
| ftp-syst: 
|   STAT: 
| FTP server status:
|      Connected to ::ffff:10.10.15.185
|      Logged in as ftp
|      TYPE: ASCII
|      No session bandwidth limit
|      Session timeout in seconds is 300
|      Control connection is plain text
|      Data connections will be plain text
|      At session startup, client count was 3
|      vsFTPd 3.0.5 - secure, fast, stable
|_End of status
22/tcp   open  ssh     OpenSSH 9.6p1 Ubuntu 3ubuntu13.15 (Ubuntu Linux; protocol 2.0)
| ssh-hostkey: 
|   256 83:13:6b:a1:9b:28:fd:bd:5d:2b:ee:03:be:9c:8d:82 (ECDSA)
|_  256 0a:86:fa:65:d1:20:b4:3a:57:13:d1:1a:c2:de:52:78 (ED25519)
80/tcp   open  http    Apache httpd 2.4.58
|_http-title: DevArea - Connect with Top Development Talent
|_http-server-header: Apache/2.4.58 (Ubuntu)
8080/tcp open  http    Jetty 9.4.27.v20200227
|_http-title: Error 404 Not Found
|_http-server-header: Jetty(9.4.27.v20200227)
8500/tcp open  http    Golang net/http server
| fingerprint-strings: 
|   FourOhFourRequest: 
|     HTTP/1.0 500 Internal Server Error
|     Content-Type: text/plain; charset=utf-8
|     X-Content-Type-Options: nosniff
|     Date: Sun, 29 Mar 2026 15:15:10 GMT
|     Content-Length: 64
|     This is a proxy server. Does not respond to non-proxy requests.
|   GenericLines, Help, LPDString, RTSPRequest, SIPOptions, SSLSessionReq, Socks5: 
|     HTTP/1.1 400 Bad Request
|     Content-Type: text/plain; charset=utf-8
|     Connection: close
|     Request
|   GetRequest, HTTPOptions: 
|     HTTP/1.0 500 Internal Server Error
|     Content-Type: text/plain; charset=utf-8
|     X-Content-Type-Options: nosniff
|     Date: Sun, 29 Mar 2026 15:14:52 GMT
|     Content-Length: 64
|_    This is a proxy server. Does not respond to non-proxy requests.
|_http-title: Site doesn't have a title (text/plain; charset=utf-8).
8888/tcp open  http    Golang net/http server (Go-IPFS json-rpc or InfluxDB API)
|_http-title: Hoverfly Dashboard
1 service unrecognized despite returning data. If you know the service/version, please submit the following fingerprint at https://nmap.org/cgi-bin/submit.cgi?new-service :
SF-Port8500-TCP:V=7.98%I=7%D=3/29%Time=69C9422A%P=x86_64-pc-linux-gnu%r(Ge
SF:nericLines,67,"HTTP/1\.1\x20400\x20Bad\x20Request\r\nContent-Type:\x20t
SF:ext/plain;\x20charset=utf-8\r\nConnection:\x20close\r\n\r\n400\x20Bad\x
SF:20Request")%r(GetRequest,E9,"HTTP/1\.0\x20500\x20Internal\x20Server\x20
SF:Error\r\nContent-Type:\x20text/plain;\x20charset=utf-8\r\nX-Content-Typ
SF:e-Options:\x20nosniff\r\nDate:\x20Sun,\x2029\x20Mar\x202026\x2015:14:52
SF:\x20GMT\r\nContent-Length:\x2064\r\n\r\nThis\x20is\x20a\x20proxy\x20ser
SF:ver\.\x20Does\x20not\x20respond\x20to\x20non-proxy\x20requests\.\n")%r(
SF:HTTPOptions,E9,"HTTP/1\.0\x20500\x20Internal\x20Server\x20Error\r\nCont
SF:ent-Type:\x20text/plain;\x20charset=utf-8\r\nX-Content-Type-Options:\x2
SF:0nosniff\r\nDate:\x20Sun,\x2029\x20Mar\x202026\x2015:14:52\x20GMT\r\nCo
SF:ntent-Length:\x2064\r\n\r\nThis\x20is\x20a\x20proxy\x20server\.\x20Does
SF:\x20not\x20respond\x20to\x20non-proxy\x20requests\.\n")%r(RTSPRequest,6
SF:7,"HTTP/1\.1\x20400\x20Bad\x20Request\r\nContent-Type:\x20text/plain;\x
SF:20charset=utf-8\r\nConnection:\x20close\r\n\r\n400\x20Bad\x20Request")%
SF:r(Help,67,"HTTP/1\.1\x20400\x20Bad\x20Request\r\nContent-Type:\x20text/
SF:plain;\x20charset=utf-8\r\nConnection:\x20close\r\n\r\n400\x20Bad\x20Re
SF:quest")%r(SSLSessionReq,67,"HTTP/1\.1\x20400\x20Bad\x20Request\r\nConte
SF:nt-Type:\x20text/plain;\x20charset=utf-8\r\nConnection:\x20close\r\n\r\
SF:n400\x20Bad\x20Request")%r(FourOhFourRequest,E9,"HTTP/1\.0\x20500\x20In
SF:ternal\x20Server\x20Error\r\nContent-Type:\x20text/plain;\x20charset=ut
SF:f-8\r\nX-Content-Type-Options:\x20nosniff\r\nDate:\x20Sun,\x2029\x20Mar
SF:\x202026\x2015:15:10\x20GMT\r\nContent-Length:\x2064\r\n\r\nThis\x20is\
SF:x20a\x20proxy\x20server\.\x20Does\x20not\x20respond\x20to\x20non-proxy\
SF:x20requests\.\n")%r(LPDString,67,"HTTP/1\.1\x20400\x20Bad\x20Request\r\
SF:nContent-Type:\x20text/plain;\x20charset=utf-8\r\nConnection:\x20close\
SF:r\n\r\n400\x20Bad\x20Request")%r(SIPOptions,67,"HTTP/1\.1\x20400\x20Bad
SF:\x20Request\r\nContent-Type:\x20text/plain;\x20charset=utf-8\r\nConnect
SF:ion:\x20close\r\n\r\n400\x20Bad\x20Request")%r(Socks5,67,"HTTP/1\.1\x20
SF:400\x20Bad\x20Request\r\nContent-Type:\x20text/plain;\x20charset=utf-8\
SF:r\nConnection:\x20close\r\n\r\n400\x20Bad\x20Request");
Warning: OSScan results may be unreliable because we could not find at least 1 open and 1 closed port
Device type: general purpose|router
Running: Linux 4.X|5.X, MikroTik RouterOS 7.X
OS CPE: cpe:/o:linux:linux_kernel:4 cpe:/o:linux:linux_kernel:5 cpe:/o:mikrotik:routeros:7 cpe:/o:linux:linux_kernel:5.6.3
OS details: Linux 4.15 - 5.19, MikroTik RouterOS 7.2 - 7.5 (Linux 5.6.3)
Network Distance: 2 hops
Service Info: Host: _; OSs: Unix, Linux; CPE: cpe:/o:linux:linux_kernel

TRACEROUTE (using port 8500/tcp)
HOP RTT       ADDRESS
1   166.92 ms 10.10.14.1
2   170.36 ms devarea.htb (10.129.17.49)

OS and Service detection performed. Please report any incorrect results at https://nmap.org/submit/ .
Nmap done: 1 IP address (1 host up) scanned in 47.85 seconds
