Starting Nmap 7.98 ( https://nmap.org ) at 2026-03-31 17:47 +0400
Nmap scan report for 10.129.232.88
Host is up (0.21s latency).

PORT     STATE    SERVICE       VERSION
53/tcp   open     domain        Simple DNS Plus
88/tcp   open     kerberos-sec  Microsoft Windows Kerberos (server time: 2026-03-31 20:46:43Z)
139/tcp  open     netbios-ssn   Microsoft Windows netbios-ssn
389/tcp  open     ldap          Microsoft Windows Active Directory LDAP (Domain: fluffy.htb, Site: Default-First-Site-Name)
| ssl-cert: Subject: commonName=DC01.fluffy.htb
| Subject Alternative Name: othername: 1.3.6.1.4.1.311.25.1:<unsupported>, DNS:DC01.fluffy.htb
| Not valid before: 2025-04-17T16:04:17
|_Not valid after:  2026-04-17T16:04:17
|_ssl-date: 2026-03-31T20:48:16+00:00; +6h59m03s from scanner time.
445/tcp  open     microsoft-ds?
464/tcp  open     kpasswd5?
593/tcp  open     ncacn_http    Microsoft Windows RPC over HTTP 1.0
636/tcp  open     ssl/ldap      Microsoft Windows Active Directory LDAP (Domain: fluffy.htb, Site: Default-First-Site-Name)
|_ssl-date: 2026-03-31T20:48:16+00:00; +6h59m04s from scanner time.
| ssl-cert: Subject: commonName=DC01.fluffy.htb
| Subject Alternative Name: othername: 1.3.6.1.4.1.311.25.1:<unsupported>, DNS:DC01.fluffy.htb
| Not valid before: 2025-04-17T16:04:17
|_Not valid after:  2026-04-17T16:04:17
3268/tcp open     ldap          Microsoft Windows Active Directory LDAP (Domain: fluffy.htb, Site: Default-First-Site-Name)
| ssl-cert: Subject: commonName=DC01.fluffy.htb
| Subject Alternative Name: othername: 1.3.6.1.4.1.311.25.1:<unsupported>, DNS:DC01.fluffy.htb
| Not valid before: 2025-04-17T16:04:17
|_Not valid after:  2026-04-17T16:04:17
|_ssl-date: 2026-03-31T20:48:16+00:00; +6h59m03s from scanner time.
3269/tcp open     ssl/ldap      Microsoft Windows Active Directory LDAP (Domain: fluffy.htb, Site: Default-First-Site-Name)
|_ssl-date: 2026-03-31T20:48:16+00:00; +6h59m04s from scanner time.
| ssl-cert: Subject: commonName=DC01.fluffy.htb
| Subject Alternative Name: othername: 1.3.6.1.4.1.311.25.1:<unsupported>, DNS:DC01.fluffy.htb
| Not valid before: 2025-04-17T16:04:17
|_Not valid after:  2026-04-17T16:04:17
5985/tcp open     http          Microsoft HTTPAPI httpd 2.0 (SSDP/UPnP)
|_http-title: Not Found
|_http-server-header: Microsoft-HTTPAPI/2.0
9839/tcp filtered unknown
Warning: OSScan results may be unreliable because we could not find at least 1 open and 1 closed port
Device type: general purpose
Running (JUST GUESSING): Microsoft Windows 2019|10 (97%)
OS CPE: cpe:/o:microsoft:windows_server_2019 cpe:/o:microsoft:windows_10
Aggressive OS guesses: Windows Server 2019 (97%), Microsoft Windows 10 1903 - 21H1 (91%)
No exact OS matches for host (test conditions non-ideal).
Network Distance: 2 hops
Service Info: Host: DC01; OS: Windows; CPE: cpe:/o:microsoft:windows

Host script results:
| smb2-time: 
|   date: 2026-03-31T20:47:36
|_  start_date: N/A
| smb2-security-mode: 
|   3.1.1: 
|_    Message signing enabled and required
|_clock-skew: mean: 6h59m03s, deviation: 0s, median: 6h59m02s

TRACEROUTE (using port 5985/tcp)
HOP RTT       ADDRESS
1   237.43 ms 10.10.14.1
2   237.52 ms 10.129.232.88

OS and Service detection performed. Please report any incorrect results at https://nmap.org/submit/ .
Nmap done: 1 IP address (1 host up) scanned in 103.41 seconds
