Starting Nmap 7.95 ( https://nmap.org ) at 2026-04-16 21:29 +04
Nmap scan report for bizness.htb (10.129.21.131)
Host is up (0.25s latency).

PORT      STATE SERVICE    VERSION
22/tcp    open  ssh        OpenSSH 8.4p1 Debian 5+deb11u3 (protocol 2.0)
| ssh-hostkey: 
|   3072 3e:21:d5:dc:2e:61:eb:8f:a6:3b:24:2a:b7:1c:05:d3 (RSA)
|   256 39:11:42:3f:0c:25:00:08:d7:2f:1b:51:e0:43:9d:85 (ECDSA)
|_  256 b0:6f:a0:0a:9e:df:b1:7a:49:78:86:b2:35:40:ec:95 (ED25519)
80/tcp    open  http       nginx 1.18.0
|_http-title: Did not follow redirect to https://bizness.htb/
|_http-server-header: nginx/1.18.0
443/tcp   open  ssl/http   nginx 1.18.0
|_http-trane-info: Problem with XML parsing of /evox/about
|_http-server-header: nginx/1.18.0
| tls-alpn: 
|_  http/1.1
|_http-title: BizNess Incorporated
|_ssl-date: TLS randomness does not represent time
| tls-nextprotoneg: 
|_  http/1.1
| ssl-cert: Subject: organizationName=Internet Widgits Pty Ltd/stateOrProvinceName=Some-State/countryName=UK
| Not valid before: 2023-12-14T20:03:40
|_Not valid after:  2328-11-10T20:03:40
42537/tcp open  tcpwrapped
Warning: OSScan results may be unreliable because we could not find at least 1 open and 1 closed port
Device type: general purpose
Running: Linux 4.X|5.X
OS CPE: cpe:/o:linux:linux_kernel:4 cpe:/o:linux:linux_kernel:5
OS details: Linux 4.15 - 5.19
Network Distance: 2 hops
Service Info: OS: Linux; CPE: cpe:/o:linux:linux_kernel

TRACEROUTE (using port 443/tcp)
HOP RTT       ADDRESS
1   352.92 ms 10.10.14.1
2   352.98 ms bizness.htb (10.129.21.131)

OS and Service detection performed. Please report any incorrect results at https://nmap.org/submit/ .
Nmap done: 1 IP address (1 host up) scanned in 28.54 seconds
